-------------------------------------------------------------------------------
Test set: it.mikeslab.util.LanguageTest
-------------------------------------------------------------------------------
Tests run: 1, Failures: 1, Errors: 0, Skipped: 0, Time elapsed: 0.072 s <<< FAILURE! - in it.mikeslab.util.LanguageTest
testGet  Time elapsed: 0.066 s  <<< FAILURE!
org.opentest4j.AssertionFailedError: expected: <ciao> but was: <null>
	at it.mikeslab.util.LanguageTest.testGet(LanguageTest.java:15)

