<?xml version="1.0" encoding="UTF-8"?>
<testsuite xmlns:xsi="http://www.w3.org/2001/XMLSchema-instance" xsi:noNamespaceSchemaLocation="https://maven.apache.org/surefire/maven-surefire-plugin/xsd/surefire-test-report.xsd" name="it.mikeslab.util.LanguageTest" time="0.072" tests="1" errors="0" skipped="0" failures="1">
  <properties>
[...]
</properties>
  <testcase name="testGet" classname="it.mikeslab.util.LanguageTest" time="0.066">
    <failure message="expected: &lt;ciao&gt; but was: &lt;null&gt;" type="org.opentest4j.AssertionFailedError"><![CDATA[org.opentest4j.AssertionFailedError: expected: <ciao> but was: <null>
	at it.mikeslab.util.LanguageTest.testGet(LanguageTest.java:15)
]]></failure>
  </testcase>
</testsuite>